This is pdfTeX, Version 3.14159265-2.6-1.40.20 (TeX Live 2019/Debian) (preloaded format=pdflatex 2020.4.28)  30 AUG 2020 12:32
entering extended mode
 restricted \write18 enabled.
 file:line:error style messages enabled.
 %&-line parsing enabled.
**document.tex
(./document.tex
LaTeX2e <2020-02-02> patch level 2
L3 programming layer <2020-02-14> (/usr/share/texlive/texmf-dist/tex/latex/base/report.cls
Document Class: report 2019/12/20 v1.4l Standard LaTeX document class
(/usr/share/texlive/texmf-dist/tex/latex/base/size12.clo
File: size12.clo 2019/12/20 v1.4l Standard LaTeX file (size option)
)
\c@part=\count167
\c@chapter=\count168
\c@section=\count169
\c@subsection=\count170
\c@subsubsection=\count171
\c@paragraph=\count172
\c@subparagraph=\count173
\c@figure=\count174
\c@table=\count175
\abovecaptionskip=\skip47
\belowcaptionskip=\skip48
\bibindent=\dimen134
) (/usr/share/texlive/texmf-dist/tex/latex/base/fontenc.sty
Package: fontenc 2020/02/11 v2.0o Standard LaTeX package
 (/usr/share/texlive/texmf-dist/tex/latex/cyrillic/t2aenc.def
File: t2aenc.def 2005/09/27 v1.0i Cyrillic encoding definition file
Now handling font encoding T2A ...
... processing UTF-8 mapping file for font encoding T2A
 (/usr/share/texlive/texmf-dist/tex/latex/base/t2aenc.dfu
File: t2aenc.dfu 2019/11/14 v1.2k UTF-8 support for inputenc
   defining Unicode char U+00A4 (decimal 164)
   defining Unicode char U+00A7 (decimal 167)
   defining Unicode char U+00AB (decimal 171)
   defining Unicode char U+00BB (decimal 187)
   defining Unicode char U+0131 (decimal 305)
   defining Unicode char U+0237 (decimal 567)
   defining Unicode char U+0400 (decimal 1024)
   defining Unicode char U+0401 (decimal 1025)
   defining Unicode char U+0402 (decimal 1026)
   defining Unicode char U+0403 (decimal 1027)
   defining Unicode char U+0404 (decimal 1028)
   defining Unicode char U+0405 (decimal 1029)
   defining Unicode char U+0406 (decimal 1030)
   defining Unicode char U+0407 (decimal 1031)
   defining Unicode char U+0408 (decimal 1032)
   defining Unicode char U+0409 (decimal 1033)
   defining Unicode char U+040A (decimal 1034)
   defining Unicode char U+040B (decimal 1035)
   defining Unicode char U+040C (decimal 1036)
   defining Unicode char U+040D (decimal 1037)
   defining Unicode char U+040E (decimal 1038)
   defining Unicode char U+040F (decimal 1039)
   defining Unicode char U+0410 (decimal 1040)
   defining Unicode char U+0411 (decimal 1041)
   defining Unicode char U+0412 (decimal 1042)
   defining Unicode char U+0413 (decimal 1043)
   defining Unicode char U+0414 (decimal 1044)
   defining Unicode char U+0415 (decimal 1045)
   defining Unicode char U+0416 (decimal 1046)
   defining Unicode char U+0417 (decimal 1047)
   defining Unicode char U+0418 (decimal 1048)
   defining Unicode char U+0419 (decimal 1049)
   defining Unicode char U+041A (decimal 1050)
   defining Unicode char U+041B (decimal 1051)
   defining Unicode char U+041C (decimal 1052)
   defining Unicode char U+041D (decimal 1053)
   defining Unicode char U+041E (decimal 1054)
   defining Unicode char U+041F (decimal 1055)
   defining Unicode char U+0420 (decimal 1056)
   defining Unicode char U+0421 (decimal 1057)
   defining Unicode char U+0422 (decimal 1058)
   defining Unicode char U+0423 (decimal 1059)
   defining Unicode char U+0424 (decimal 1060)
   defining Unicode char U+0425 (decimal 1061)
   defining Unicode char U+0426 (decimal 1062)
   defining Unicode char U+0427 (decimal 1063)
   defining Unicode char U+0428 (decimal 1064)
   defining Unicode char U+0429 (decimal 1065)
   defining Unicode char U+042A (decimal 1066)
   defining Unicode char U+042B (decimal 1067)
   defining Unicode char U+042C (decimal 1068)
   defining Unicode char U+042D (decimal 1069)
   defining Unicode char U+042E (decimal 1070)
   defining Unicode char U+042F (decimal 1071)
   defining Unicode char U+0430 (decimal 1072)
   defining Unicode char U+0431 (decimal 1073)
   defining Unicode char U+0432 (decimal 1074)
   defining Unicode char U+0433 (decimal 1075)
   defining Unicode char U+0434 (decimal 1076)
   defining Unicode char U+0435 (decimal 1077)
   defining Unicode char U+0436 (decimal 1078)
   defining Unicode char U+0437 (decimal 1079)
   defining Unicode char U+0438 (decimal 1080)
   defining Unicode char U+0439 (decimal 1081)
   defining Unicode char U+043A (decimal 1082)
   defining Unicode char U+043B (decimal 1083)
   defining Unicode char U+043C (decimal 1084)
   defining Unicode char U+043D (decimal 1085)
   defining Unicode char U+043E (decimal 1086)
   defining Unicode char U+043F (decimal 1087)
   defining Unicode char U+0440 (decimal 1088)
   defining Unicode char U+0441 (decimal 1089)
   defining Unicode char U+0442 (decimal 1090)
   defining Unicode char U+0443 (decimal 1091)
   defining Unicode char U+0444 (decimal 1092)
   defining Unicode char U+0445 (decimal 1093)
   defining Unicode char U+0446 (decimal 1094)
   defining Unicode char U+0447 (decimal 1095)
   defining Unicode char U+0448 (decimal 1096)
   defining Unicode char U+0449 (decimal 1097)
   defining Unicode char U+044A (decimal 1098)
   defining Unicode char U+044B (decimal 1099)
   defining Unicode char U+044C (decimal 1100)
   defining Unicode char U+044D (decimal 1101)
   defining Unicode char U+044E (decimal 1102)
   defining Unicode char U+044F (decimal 1103)
   defining Unicode char U+0450 (decimal 1104)
   defining Unicode char U+0451 (decimal 1105)
   defining Unicode char U+0452 (decimal 1106)
   defining Unicode char U+0453 (decimal 1107)
   defining Unicode char U+0454 (decimal 1108)
   defining Unicode char U+0455 (decimal 1109)
   defining Unicode char U+0456 (decimal 1110)
   defining Unicode char U+0457 (decimal 1111)
   defining Unicode char U+0458 (decimal 1112)
   defining Unicode char U+0459 (decimal 1113)
   defining Unicode char U+045A (decimal 1114)
   defining Unicode char U+045B (decimal 1115)
   defining Unicode char U+045C (decimal 1116)
   defining Unicode char U+045D (decimal 1117)
   defining Unicode char U+045E (decimal 1118)
   defining Unicode char U+045F (decimal 1119)
   defining Unicode char U+0490 (decimal 1168)
   defining Unicode char U+0491 (decimal 1169)
   defining Unicode char U+0492 (decimal 1170)
   defining Unicode char U+0493 (decimal 1171)
   defining Unicode char U+0496 (decimal 1174)
   defining Unicode char U+0497 (decimal 1175)
   defining Unicode char U+0498 (decimal 1176)
   defining Unicode char U+0499 (decimal 1177)
   defining Unicode char U+049A (decimal 1178)
   defining Unicode char U+049B (decimal 1179)
   defining Unicode char U+049C (decimal 1180)
   defining Unicode char U+049D (decimal 1181)
   defining Unicode char U+04A0 (decimal 1184)
   defining Unicode char U+04A1 (decimal 1185)
   defining Unicode char U+04A2 (decimal 1186)
   defining Unicode char U+04A3 (decimal 1187)
   defining Unicode char U+04A4 (decimal 1188)
   defining Unicode char U+04A5 (decimal 1189)
   defining Unicode char U+04AA (decimal 1194)
   defining Unicode char U+04AB (decimal 1195)
   defining Unicode char U+04AE (decimal 1198)
   defining Unicode char U+04AF (decimal 1199)
   defining Unicode char U+04B0 (decimal 1200)
   defining Unicode char U+04B1 (decimal 1201)
   defining Unicode char U+04B2 (decimal 1202)
   defining Unicode char U+04B3 (decimal 1203)
   defining Unicode char U+04B6 (decimal 1206)
   defining Unicode char U+04B7 (decimal 1207)
   defining Unicode char U+04B8 (decimal 1208)
   defining Unicode char U+04B9 (decimal 1209)
   defining Unicode char U+04BA (decimal 1210)
   defining Unicode char U+04BB (decimal 1211)
   defining Unicode char U+04C0 (decimal 1216)
   defining Unicode char U+04C1 (decimal 1217)
   defining Unicode char U+04C2 (decimal 1218)
   defining Unicode char U+04D0 (decimal 1232)
   defining Unicode char U+04D1 (decimal 1233)
   defining Unicode char U+04D2 (decimal 1234)
   defining Unicode char U+04D3 (decimal 1235)
   defining Unicode char U+04D4 (decimal 1236)
   defining Unicode char U+04D5 (decimal 1237)
   defining Unicode char U+04D6 (decimal 1238)
   defining Unicode char U+04D7 (decimal 1239)
   defining Unicode char U+04D8 (decimal 1240)
   defining Unicode char U+04D9 (decimal 1241)
   defining Unicode char U+04DA (decimal 1242)
   defining Unicode char U+04DB (decimal 1243)
   defining Unicode char U+04DC (decimal 1244)
   defining Unicode char U+04DD (decimal 1245)
   defining Unicode char U+04DE (decimal 1246)
   defining Unicode char U+04DF (decimal 1247)
   defining Unicode char U+04E2 (decimal 1250)
   defining Unicode char U+04E3 (decimal 1251)
   defining Unicode char U+04E4 (decimal 1252)
   defining Unicode char U+04E5 (decimal 1253)
   defining Unicode char U+04E6 (decimal 1254)
   defining Unicode char U+04E7 (decimal 1255)
   defining Unicode char U+04E8 (decimal 1256)
   defining Unicode char U+04E9 (decimal 1257)
   defining Unicode char U+04EC (decimal 1260)
   defining Unicode char U+04ED (decimal 1261)
   defining Unicode char U+04EE (decimal 1262)
   defining Unicode char U+04EF (decimal 1263)
   defining Unicode char U+04F0 (decimal 1264)
   defining Unicode char U+04F1 (decimal 1265)
   defining Unicode char U+04F2 (decimal 1266)
   defining Unicode char U+04F3 (decimal 1267)
   defining Unicode char U+04F4 (decimal 1268)
   defining Unicode char U+04F5 (decimal 1269)
   defining Unicode char U+04F8 (decimal 1272)
   defining Unicode char U+04F9 (decimal 1273)
   defining Unicode char U+200C (decimal 8204)
   defining Unicode char U+2013 (decimal 8211)
   defining Unicode char U+2014 (decimal 8212)
   defining Unicode char U+2018 (decimal 8216)
   defining Unicode char U+2019 (decimal 8217)
   defining Unicode char U+201C (decimal 8220)
   defining Unicode char U+201D (decimal 8221)
   defining Unicode char U+201E (decimal 8222)
   defining Unicode char U+2030 (decimal 8240)
   defining Unicode char U+2031 (decimal 8241)
   defining Unicode char U+2116 (decimal 8470)
   defining Unicode char U+2329 (decimal 9001)
   defining Unicode char U+232A (decimal 9002)
   defining Unicode char U+2423 (decimal 9251)
   defining Unicode char U+27E8 (decimal 10216)
   defining Unicode char U+27E9 (decimal 10217)
   defining Unicode char U+FB00 (decimal 64256)
   defining Unicode char U+FB01 (decimal 64257)
   defining Unicode char U+FB02 (decimal 64258)
   defining Unicode char U+FB03 (decimal 64259)
   defining Unicode char U+FB04 (decimal 64260)
   defining Unicode char U+FB05 (decimal 64261)
   defining Unicode char U+FB06 (decimal 64262)
))
LaTeX Font Info:    Trying to load font information for T2A+cmr on input line 112.
 (/usr/share/texlive/texmf-dist/tex/latex/cyrillic/t2acmr.fd
File: t2acmr.fd 2001/08/11 v1.0a Computer Modern Cyrillic font definitions
)) (/usr/share/texlive/texmf-dist/tex/generic/babel/babel.sty
Package: babel 2020/02/14 3.40 The Babel package
 (/usr/share/texlive/texmf-dist/tex/generic/babel/switch.def
File: switch.def 2020/02/14 3.40 Babel switching mechanism
) (/usr/share/texlive/texmf-dist/tex/generic/babel-english/english.ldf
Language: english 2017/06/06 v3.3r English support from the babel system
 (/usr/share/texlive/texmf-dist/tex/generic/babel/babel.def
File: babel.def 2020/02/14 3.40 Babel common definitions
\babel@savecnt=\count176
\U@D=\dimen135
 (/usr/share/texlive/texmf-dist/tex/generic/babel/txtbabel.def)
\bbl@readstream=\read2
\bbl@dirlevel=\count177
)
Package babel Info: \l@canadian = using hyphenrules for english
(babel)             (\language0) on input line 102.
Package babel Info: \l@australian = using hyphenrules for ukenglish
(babel)             (\language10) on input line 105.
Package babel Info: \l@newzealand = using hyphenrules for ukenglish
(babel)             (\language10) on input line 108.
) (/usr/share/texlive/texmf-dist/tex/generic/babel-russian/russianb.ldf
Language: russian 2017/08/12 1.3j Russian support for the Babel system
Package babel Info: Making " an active character on input line 120.
Package babel Info: Default for \cyrdash is provided on input line 157.
)) (/usr/share/texlive/texmf-dist/tex/latex/tools/indentfirst.sty
Package: indentfirst 1995/11/23 v1.03 Indent first paragraph (DPC)
) (/usr/share/texlive/texmf-dist/tex/latex/amsmath/amsmath.sty
Package: amsmath 2020/01/20 v2.17e AMS math features
\@mathmargin=\skip49

For additional information on amsmath, use the `?' option.
(/usr/share/texlive/texmf-dist/tex/latex/amsmath/amstext.sty
Package: amstext 2000/06/29 v2.01 AMS text
 (/usr/share/texlive/texmf-dist/tex/latex/amsmath/amsgen.sty
File: amsgen.sty 1999/11/30 v2.0 generic functions
\@emptytoks=\toks14
\ex@=\dimen136
)) (/usr/share/texlive/texmf-dist/tex/latex/amsmath/amsbsy.sty
Package: amsbsy 1999/11/29 v1.2d Bold Symbols
\pmbraise@=\dimen137
) (/usr/share/texlive/texmf-dist/tex/latex/amsmath/amsopn.sty
Package: amsopn 2016/03/08 v2.02 operator names
)
\inf@bad=\count178
LaTeX Info: Redefining \frac on input line 227.
\uproot@=\count179
\leftroot@=\count180
LaTeX Info: Redefining \overline on input line 389.
\classnum@=\count181
\DOTSCASE@=\count182
LaTeX Info: Redefining \ldots on input line 486.
LaTeX Info: Redefining \dots on input line 489.
LaTeX Info: Redefining \cdots on input line 610.
\Mathstrutbox@=\box45
\strutbox@=\box46
\big@size=\dimen138
LaTeX Font Info:    Redeclaring font encoding OML on input line 733.
LaTeX Font Info:    Redeclaring font encoding OMS on input line 734.
\macc@depth=\count183
\c@MaxMatrixCols=\count184
\dotsspace@=\muskip16
\c@parentequation=\count185
\dspbrk@lvl=\count186
\tag@help=\toks15
\row@=\count187
\column@=\count188
\maxfields@=\count189
\andhelp@=\toks16
\eqnshift@=\dimen139
\alignsep@=\dimen140
\tagshift@=\dimen141
\tagwidth@=\dimen142
\totwidth@=\dimen143
\lineht@=\dimen144
\@envbody=\toks17
\multlinegap=\skip50
\multlinetaggap=\skip51
\mathdisplay@stack=\toks18
LaTeX Info: Redefining \[ on input line 2859.
LaTeX Info: Redefining \] on input line 2860.
) (/usr/share/texlive/texmf-dist/tex/latex/listings/listings.sty (/usr/share/texlive/texmf-dist/tex/latex/graphics/keyval.sty
Package: keyval 2014/10/28 v1.15 key=value parser (DPC)
\KV@toks@=\toks19
)
\lst@mode=\count190
\lst@gtempboxa=\box47
\lst@token=\toks20
\lst@length=\count191
\lst@currlwidth=\dimen145
\lst@column=\count192
\lst@pos=\count193
\lst@lostspace=\dimen146
\lst@width=\dimen147
\lst@newlines=\count194
\lst@lineno=\count195
\lst@maxwidth=\dimen148
 (/usr/share/texlive/texmf-dist/tex/latex/listings/lstmisc.sty
File: lstmisc.sty 2019/09/10 1.8c (Carsten Heinz)
\c@lstnumber=\count196
\lst@skipnumbers=\count197
\lst@framebox=\box48
) (/usr/share/texlive/texmf-dist/tex/latex/listings/listings.cfg
File: listings.cfg 2019/09/10 1.8c listings configuration
))
Package: listings 2019/09/10 1.8c (Carsten Heinz)
 (/usr/share/texlive/texmf-dist/tex/latex/listings/lstlang1.sty
File: lstlang1.sty 2019/09/10 1.8c listings language file
) (/usr/share/texlive/texmf-dist/tex/latex/listings/lstlang1.sty
File: lstlang1.sty 2019/09/10 1.8c listings language file
) (/usr/share/texlive/texmf-dist/tex/latex/listings/lstmisc.sty
File: lstmisc.sty 2019/09/10 1.8c (Carsten Heinz)
) (/usr/share/texlive/texmf-dist/tex/latex/l3backend/l3backend-pdfmode.def
File: l3backend-pdfmode.def 2020-02-03 L3 backend support: PDF mode
\l__kernel_color_stack_int=\count198
\l__pdf_internal_box=\box49
) (./document.aux)
\openout1 = `document.aux'.

LaTeX Font Info:    Checking defaults for OML/cmm/m/it on input line 14.
LaTeX Font Info:    ... okay on input line 14.
LaTeX Font Info:    Checking defaults for OMS/cmsy/m/n on input line 14.
LaTeX Font Info:    ... okay on input line 14.
LaTeX Font Info:    Checking defaults for OT1/cmr/m/n on input line 14.
LaTeX Font Info:    ... okay on input line 14.
LaTeX Font Info:    Checking defaults for T1/cmr/m/n on input line 14.
LaTeX Font Info:    ... okay on input line 14.
LaTeX Font Info:    Checking defaults for TS1/cmr/m/n on input line 14.
LaTeX Font Info:    ... okay on input line 14.
LaTeX Font Info:    Checking defaults for OMX/cmex/m/n on input line 14.
LaTeX Font Info:    ... okay on input line 14.
LaTeX Font Info:    Checking defaults for U/cmr/m/n on input line 14.
LaTeX Font Info:    ... okay on input line 14.
LaTeX Font Info:    Checking defaults for T2A/cmr/m/n on input line 14.
LaTeX Font Info:    ... okay on input line 14.
\c@lstlisting=\count199
 (./document.toc
./document.toc:8: Missing $ inserted.
<inserted text> 
                $
l.8 ...tion}{\numberline {0.7}ordered_set.cpp}{28}
                                                  %
I've inserted a begin-math/end-math symbol since I think
you left one out. Proceed, with fingers crossed.

./document.toc:8: Extra }, or forgotten $.
\@dottedtocline ...\nobreak \hskip -\leftskip {#4}
                                                  \nobreak \leaders \hbox {$...
l.8 ...tion}{\numberline {0.7}ordered_set.cpp}{28}
                                                  %
I've deleted a group-closing symbol because it seems to be
spurious, as in `$x}$'. But perhaps the } is legitimate and
you forgot something else, as in `\hbox{$x}'. In such cases
the way to recover is to insert both the forgotten and the
deleted material, e.g., by typing `I$}'.

./document.toc:8: Missing $ inserted.
<inserted text> 
                $
l.8 ...tion}{\numberline {0.7}ordered_set.cpp}{28}
                                                  %
I've inserted a begin-math/end-math symbol since I think
you left one out. Proceed, with fingers crossed.

./document.toc:10: Missing $ inserted.
<inserted text> 
                $
l.10 ...section}{\numberline {0.9}li_chao.cpp}{31}
                                                  %
I've inserted a begin-math/end-math symbol since I think
you left one out. Proceed, with fingers crossed.

./document.toc:10: Extra }, or forgotten $.
\@dottedtocline ...\nobreak \hskip -\leftskip {#4}
                                                  \nobreak \leaders \hbox {$...
l.10 ...section}{\numberline {0.9}li_chao.cpp}{31}
                                                  %
I've deleted a group-closing symbol because it seems to be
spurious, as in `$x}$'. But perhaps the } is legitimate and
you forgot something else, as in `\hbox{$x}'. In such cases
the way to recover is to insert both the forgotten and the
deleted material, e.g., by typing `I$}'.

./document.toc:10: Missing $ inserted.
<inserted text> 
                $
l.10 ...section}{\numberline {0.9}li_chao.cpp}{31}
                                                  %
I've inserted a begin-math/end-math symbol since I think
you left one out. Proceed, with fingers crossed.

./document.toc:18: Missing $ inserted.
<inserted text> 
                $
l.18 ...ction}{\numberline {0.17}mod_comb.cpp}{45}
                                                  %
I've inserted a begin-math/end-math symbol since I think
you left one out. Proceed, with fingers crossed.

./document.toc:18: Extra }, or forgotten $.
\@dottedtocline ...\nobreak \hskip -\leftskip {#4}
                                                  \nobreak \leaders \hbox {$...
l.18 ...ction}{\numberline {0.17}mod_comb.cpp}{45}
                                                  %
I've deleted a group-closing symbol because it seems to be
spurious, as in `$x}$'. But perhaps the } is legitimate and
you forgot something else, as in `\hbox{$x}'. In such cases
the way to recover is to insert both the forgotten and the
deleted material, e.g., by typing `I$}'.

./document.toc:18: Missing $ inserted.
<inserted text> 
                $
l.18 ...ction}{\numberline {0.17}mod_comb.cpp}{45}
                                                  %
I've inserted a begin-math/end-math symbol since I think
you left one out. Proceed, with fingers crossed.

./document.toc:20: Missing $ inserted.
<inserted text> 
                $
l.20 ...tion}{\numberline {0.19}geom_good.cpp}{47}
                                                  %
I've inserted a begin-math/end-math symbol since I think
you left one out. Proceed, with fingers crossed.

./document.toc:20: Extra }, or forgotten $.
\@dottedtocline ...\nobreak \hskip -\leftskip {#4}
                                                  \nobreak \leaders \hbox {$...
l.20 ...tion}{\numberline {0.19}geom_good.cpp}{47}
                                                  %
I've deleted a group-closing symbol because it seems to be
spurious, as in `$x}$'. But perhaps the } is legitimate and
you forgot something else, as in `\hbox{$x}'. In such cases
the way to recover is to insert both the forgotten and the
deleted material, e.g., by typing `I$}'.

./document.toc:20: Missing $ inserted.
<inserted text> 
                $
l.20 ...tion}{\numberline {0.19}geom_good.cpp}{47}
                                                  %
I've inserted a begin-math/end-math symbol since I think
you left one out. Proceed, with fingers crossed.

./document.toc:22: Missing $ inserted.
<inserted text> 
                $
l.22 ...\numberline {0.21}mincost_maxflow.cpp}{59}
                                                  %
I've inserted a begin-math/end-math symbol since I think
you left one out. Proceed, with fingers crossed.

./document.toc:22: Extra }, or forgotten $.
\@dottedtocline ...\nobreak \hskip -\leftskip {#4}
                                                  \nobreak \leaders \hbox {$...
l.22 ...\numberline {0.21}mincost_maxflow.cpp}{59}
                                                  %
I've deleted a group-closing symbol because it seems to be
spurious, as in `$x}$'. But perhaps the } is legitimate and
you forgot something else, as in `\hbox{$x}'. In such cases
the way to recover is to insert both the forgotten and the
deleted material, e.g., by typing `I$}'.

./document.toc:22: Missing $ inserted.
<inserted text> 
                $
l.22 ...\numberline {0.21}mincost_maxflow.cpp}{59}
                                                  %
I've inserted a begin-math/end-math symbol since I think
you left one out. Proceed, with fingers crossed.

./document.toc:28: Missing $ inserted.
<inserted text> 
                $
l.28 ...}{\numberline {0.27}time_counting.cpp}{71}
                                                  %
I've inserted a begin-math/end-math symbol since I think
you left one out. Proceed, with fingers crossed.

./document.toc:28: Extra }, or forgotten $.
\@dottedtocline ...\nobreak \hskip -\leftskip {#4}
                                                  \nobreak \leaders \hbox {$...
l.28 ...}{\numberline {0.27}time_counting.cpp}{71}
                                                  %
I've deleted a group-closing symbol because it seems to be
spurious, as in `$x}$'. But perhaps the } is legitimate and
you forgot something else, as in `\hbox{$x}'. In such cases
the way to recover is to insert both the forgotten and the
deleted material, e.g., by typing `I$}'.

./document.toc:28: Missing $ inserted.
<inserted text> 
                $
l.28 ...}{\numberline {0.27}time_counting.cpp}{71}
                                                  %
I've inserted a begin-math/end-math symbol since I think
you left one out. Proceed, with fingers crossed.

[1


{/var/lib/texmf/fonts/map/pdftex/updmap/pdftex.map}]
./document.toc:38: Missing $ inserted.
<inserted text> 
                $
l.38 ...}{\numberline {0.37}gp_hash_table.cpp}{85}
                                                  %
I've inserted a begin-math/end-math symbol since I think
you left one out. Proceed, with fingers crossed.

./document.toc:38: Extra }, or forgotten $.
\@dottedtocline ...\nobreak \hskip -\leftskip {#4}
                                                  \nobreak \leaders \hbox {$...
l.38 ...}{\numberline {0.37}gp_hash_table.cpp}{85}
                                                  %
I've deleted a group-closing symbol because it seems to be
spurious, as in `$x}$'. But perhaps the } is legitimate and
you forgot something else, as in `\hbox{$x}'. In such cases
the way to recover is to insert both the forgotten and the
deleted material, e.g., by typing `I$}'.

./document.toc:38: Missing $ inserted.
<inserted text> 
                $
l.38 ...}{\numberline {0.37}gp_hash_table.cpp}{85}
                                                  %
I've inserted a begin-math/end-math symbol since I think
you left one out. Proceed, with fingers crossed.

./document.toc:40: Missing $ inserted.
<inserted text> 
                $
l.40 ...n}{\numberline {0.39}dsu_rollback.cpp}{86}
                                                  %
I've inserted a begin-math/end-math symbol since I think
you left one out. Proceed, with fingers crossed.

./document.toc:40: Extra }, or forgotten $.
\@dottedtocline ...\nobreak \hskip -\leftskip {#4}
                                                  \nobreak \leaders \hbox {$...
l.40 ...n}{\numberline {0.39}dsu_rollback.cpp}{86}
                                                  %
I've deleted a group-closing symbol because it seems to be
spurious, as in `$x}$'. But perhaps the } is legitimate and
you forgot something else, as in `\hbox{$x}'. In such cases
the way to recover is to insert both the forgotten and the
deleted material, e.g., by typing `I$}'.

./document.toc:40: Missing $ inserted.
<inserted text> 
                $
l.40 ...n}{\numberline {0.39}dsu_rollback.cpp}{86}
                                                  %
I've inserted a begin-math/end-math symbol since I think
you left one out. Proceed, with fingers crossed.

)
\tf@toc=\write3
\openout3 = `document.toc'.


./document.tex:15: Missing } inserted.
<inserted text> 
                }
l.15 \tableofcontents
                     
I've inserted something that you may have forgotten.
(See the <inserted text> above.)
With luck, this will get me unwedged. But if you
really didn't forget anything, try typing `2' now; then
my insertion and my current dilemma will both disappear.

./document.tex:15: Missing } inserted.
<inserted text> 
                }
l.15 \tableofcontents
                     
I've inserted something that you may have forgotten.
(See the <inserted text> above.)
With luck, this will get me unwedged. But if you
really didn't forget anything, try typing `2' now; then
my insertion and my current dilemma will both disappear.

./document.tex:15: Missing } inserted.
<inserted text> 
                }
l.15 \tableofcontents
                     
I've inserted something that you may have forgotten.
(See the <inserted text> above.)
With luck, this will get me unwedged. But if you
really didn't forget anything, try typing `2' now; then
my insertion and my current dilemma will both disappear.

./document.tex:15: Missing } inserted.
<inserted text> 
                }
l.15 \tableofcontents
                     
I've inserted something that you may have forgotten.
(See the <inserted text> above.)
With luck, this will get me unwedged. But if you
really didn't forget anything, try typing `2' now; then
my insertion and my current dilemma will both disappear.

./document.tex:15: Missing } inserted.
<inserted text> 
                }
l.15 \tableofcontents
                     
I've inserted something that you may have forgotten.
(See the <inserted text> above.)
With luck, this will get me unwedged. But if you
really didn't forget anything, try typing `2' now; then
my insertion and my current dilemma will both disappear.

./document.tex:15: Missing } inserted.
<inserted text> 
                }
l.15 \tableofcontents
                     
I've inserted something that you may have forgotten.
(See the <inserted text> above.)
With luck, this will get me unwedged. But if you
really didn't forget anything, try typing `2' now; then
my insertion and my current dilemma will both disappear.

./document.tex:15: Missing } inserted.
<inserted text> 
                }
l.15 \tableofcontents
                     
I've inserted something that you may have forgotten.
(See the <inserted text> above.)
With luck, this will get me unwedged. But if you
really didn't forget anything, try typing `2' now; then
my insertion and my current dilemma will both disappear.

./document.tex:15: Missing } inserted.
<inserted text> 
                }
l.15 \tableofcontents
                     
I've inserted something that you may have forgotten.
(See the <inserted text> above.)
With luck, this will get me unwedged. But if you
really didn't forget anything, try typing `2' now; then
my insertion and my current dilemma will both disappear.

[2]
LaTeX Font Info:    Trying to load font information for T2A+cmtt on input line 20.
 (/usr/share/texlive/texmf-dist/tex/latex/cyrillic/t2acmtt.fd
File: t2acmtt.fd 2001/08/11 v1.0a Computer Modern Cyrillic font definitions
)
LaTeX Font Info:    Font shape `T2A/cmtt/bx/n' in size <12> not available
(Font)              Font shape `T2A/cmtt/m/n' tried instead on input line 22.
 [3] [4] [5] [6] [7] [8] [9] [10] [11] [12] [13] [14] [15] [16] [17] [18] [19] [20] [21] [22] [23] [24] [25] [26] [27] [28]
./document.tex:998: Missing $ inserted.
<inserted text> 
                $
l.998 \section{ordered_set.cpp}
                               
I've inserted a begin-math/end-math symbol since I think
you left one out. Proceed, with fingers crossed.

./document.tex:998: Missing $ inserted.
<inserted text> 
                $
l.998 \section{ordered_set.cpp}
                               
I've inserted a begin-math/end-math symbol since I think
you left one out. Proceed, with fingers crossed.

[29] [30]
./document.tex:1101: Missing $ inserted.
<inserted text> 
                $
l.1101 \section{li_chao.cpp}
                            
I've inserted a begin-math/end-math symbol since I think
you left one out. Proceed, with fingers crossed.

./document.tex:1101: Missing $ inserted.
<inserted text> 
                $
l.1101 \section{li_chao.cpp}
                            
I've inserted a begin-math/end-math symbol since I think
you left one out. Proceed, with fingers crossed.

[31] [32] [33] [34] [35] [36] [37] [38] [39] [40] [41] [42] [43] [44] [45]
./document.tex:1671: Missing $ inserted.
<inserted text> 
                $
l.1671 \section{mod_comb.cpp}
                             
I've inserted a begin-math/end-math symbol since I think
you left one out. Proceed, with fingers crossed.

./document.tex:1671: Missing $ inserted.
<inserted text> 
                $
l.1671 \section{mod_comb.cpp}
                             
I've inserted a begin-math/end-math symbol since I think
you left one out. Proceed, with fingers crossed.

[46] [47]
./document.tex:1723: Missing $ inserted.
<inserted text> 
                $
l.1723 \section{geom_good.cpp}
                              
I've inserted a begin-math/end-math symbol since I think
you left one out. Proceed, with fingers crossed.

./document.tex:1723: Missing $ inserted.
<inserted text> 
                $
l.1723 \section{geom_good.cpp}
                              
I've inserted a begin-math/end-math symbol since I think
you left one out. Proceed, with fingers crossed.

[48] [49] [50] [51] [52] [53] [54] [55] [56] [57] [58] [59]
./document.tex:2163: Missing $ inserted.
<inserted text> 
                $
l.2163 \section{mincost_maxflow.cpp}
                                    
I've inserted a begin-math/end-math symbol since I think
you left one out. Proceed, with fingers crossed.

./document.tex:2163: Missing $ inserted.
<inserted text> 
                $
l.2163 \section{mincost_maxflow.cpp}
                                    
I've inserted a begin-math/end-math symbol since I think
you left one out. Proceed, with fingers crossed.

[60] [61] [62] [63] [64] [65] [66] [67] [68] [69] [70] [71]
./document.tex:2653: Missing $ inserted.
<inserted text> 
                $
l.2653 \section{time_counting.cpp}
                                  
I've inserted a begin-math/end-math symbol since I think
you left one out. Proceed, with fingers crossed.

./document.tex:2653: Missing $ inserted.
<inserted text> 
                $
l.2653 \section{time_counting.cpp}
                                  
I've inserted a begin-math/end-math symbol since I think
you left one out. Proceed, with fingers crossed.

[72] [73] [74] [75] [76] [77] [78] [79] [80] [81] [82] [83] [84] [85]
./document.tex:3178: Missing $ inserted.
<inserted text> 
                $
l.3178 \section{gp_hash_table.cpp}
                                  
I've inserted a begin-math/end-math symbol since I think
you left one out. Proceed, with fingers crossed.

./document.tex:3178: Missing $ inserted.
<inserted text> 
                $
l.3178 \section{gp_hash_table.cpp}
                                  
I've inserted a begin-math/end-math symbol since I think
you left one out. Proceed, with fingers crossed.

[86]
./document.tex:3236: Missing $ inserted.
<inserted text> 
                $
l.3236 \section{dsu_rollback.cpp}
                                 
I've inserted a begin-math/end-math symbol since I think
you left one out. Proceed, with fingers crossed.

./document.tex:3236: Missing $ inserted.
<inserted text> 
                $
l.3236 \section{dsu_rollback.cpp}
                                 
I've inserted a begin-math/end-math symbol since I think
you left one out. Proceed, with fingers crossed.

[87] [88] [89] [90] [91] [92] [93] [94] [95] [96] [97] (./document.aux) ) 
Here is how much of TeX's memory you used:
 5686 strings out of 481239
 73089 string characters out of 5920377
 677343 words of memory out of 5000000
 20933 multiletter control sequences out of 15000+600000
 541559 words of font info for 47 fonts, out of 8000000 for 9000
 1141 hyphenation exceptions out of 8191
 34i,5n,60p,254b,1697s stack positions out of 5000i,500n,10000p,200000b,80000s
{/usr/share/texmf/fonts/enc/dvips/cm-super/cm-super-t2a.enc}</usr/share/texlive/texmf-dist/fonts/type1/public/amsfonts/cm/cmmi12.pfb></usr/share/texlive/texmf-dist/fonts/type1/public/amsfonts/cm/cmmi8.pfb></usr/share/texmf/fonts/type1/public/cm-super/sfbx1728.pfb></usr/share/texmf/fonts/type1/public/cm-super/sfbx2488.pfb></usr/share/texmf/fonts/type1/public/cm-super/sfit1200.pfb></usr/share/texmf/fonts/type1/public/cm-super/sfrm1200.pfb></usr/share/texmf/fonts/type1/public/cm-super/sftt1200.pfb>
Output written on document.pdf (97 pages, 285076 bytes).
PDF statistics:
 347 PDF objects out of 1000 (max. 8388607)
 238 compressed objects within 3 object streams
 0 named destinations out of 1000 (max. 500000)
 1 words of extra memory for PDF output out of 10000 (max. 10000000)

